[2022-05-25 21:51:10,016] multiqc                                            [DEBUG  ]  This is MultiQC v1.12
[2022-05-25 21:51:10,016] multiqc                                            [DEBUG  ]  No MultiQC config found: /sw/bioinfo/MultiQC/1.12/rackham/lib/python3.8/site-packages/multiqc_config.yaml
[2022-05-25 21:51:10,017] multiqc                                            [DEBUG  ]  No MultiQC config found: /home/ashfaq/.multiqc_config.yaml
[2022-05-25 21:51:10,017] multiqc                                            [DEBUG  ]  No MultiQC config found: multiqc_config.yaml
[2022-05-25 21:51:10,017] multiqc                                            [DEBUG  ]  Command used: /sw/bioinfo/MultiQC/1.12/rackham/bin/multiqc .
[2022-05-25 21:51:10,340] multiqc                                            [DEBUG  ]  Latest MultiQC version is v1.12
[2022-05-25 21:51:10,340] multiqc                                            [DEBUG  ]  Command     : /sw/bioinfo/MultiQC/1.12/rackham/bin/multiqc .
[2022-05-25 21:51:10,340] multiqc                                            [DEBUG  ]  Working dir : /crex/proj/snic2021-23-431/nobackup/hisat_results
[2022-05-25 21:51:10,340] multiqc                                            [DEBUG  ]  Template    : default
[2022-05-25 21:51:10,340] multiqc                                            [DEBUG  ]  Running Python 3.8.7 (default, Feb  1 2021, 11:54:01)  [GCC 8.3.0]
[2022-05-25 21:51:10,341] multiqc                                            [DEBUG  ]  Analysing modules: custom_content, ccs, ngsderive, purple, conpair, lima, peddy, somalier, methylQA, mosdepth, phantompeakqualtools, qualimap, preseq, quast, qorts, rna_seqc, rockhopper, rsem, rseqc, busco, bustools, goleft_indexcov, gffcompare, disambiguate, supernova, deeptools, sargasso, verifybamid, mirtrace, happy, mirtop, sambamba, homer, hops, macs2, theta2, snpeff, gatk, htseq, bcftools, featureCounts, fgbio, dragen, dedup, pbmarkdup, damageprofiler, biobambam2, jcvi, mtnucratio, picard, vep, sentieon, prokka, qc3C, nanostat, samblaster, samtools, sexdeterrmine, eigenstratdatabasetools, bamtools, jellyfish, vcftools, longranger, stacks, varscan2, snippy, bbmap, bismark, biscuit, hicexplorer, hicup, hicpro, salmon, kallisto, slamdunk, star, hisat2, tophat, bowtie2, bowtie1, snpsplit, odgi, pangolin, kat, leehom, adapterRemoval, clipandmerge, cutadapt, flexbar, kaiju, kraken, malt, trimmomatic, sickle, skewer, sortmerna, biobloomtools, fastq_screen, afterqc, fastp, fastqc, pychopper, pycoqc, minionqc, multivcfanalyzer, clusterflow, checkqc, bcl2fastq, bclconvert, interop, ivar, flash, seqyclean, optitype, whatshap
[2022-05-25 21:51:10,341] multiqc                                            [DEBUG  ]  Using temporary directory for creating report: /scratch/27508484/tmpwuz_tnrh
[2022-05-25 21:51:10,517] multiqc                                            [INFO   ]  Search path : /crex/proj/snic2021-23-431/nobackup/hisat_results
[2022-05-25 21:51:10,536] multiqc                                            [DEBUG  ]  Ignoring file as matched an ignore pattern: SRR5223570_grch38.v37.sorted.bam.bai
[2022-05-25 21:51:10,536] multiqc                                            [DEBUG  ]  Ignoring file as matched an ignore pattern: SRR5223505_grch38.v37.sorted.bam
[2022-05-25 21:51:10,704] multiqc                                            [DEBUG  ]  Ignoring file as matched an ignore pattern: SRR5223547_grch38.v37.sam
[2022-05-25 21:51:10,705] multiqc                                            [DEBUG  ]  Ignoring file as matched an ignore pattern: SRR5223570_grch38.v37.sam
[2022-05-25 21:51:11,003] multiqc                                            [DEBUG  ]  Ignoring file as matched an ignore pattern: SRR5223547_grch38.v37.sorted.bam
[2022-05-25 21:51:11,073] multiqc                                            [DEBUG  ]  Ignoring file as matched an ignore pattern: SRR5223543_grch38.v37.sorted.bam.bai
[2022-05-25 21:51:11,135] multiqc                                            [DEBUG  ]  Ignoring file as matched an ignore pattern: SRR5223570_grch38.v37.sorted.bam
[2022-05-25 21:51:11,212] multiqc                                            [DEBUG  ]  Ignoring file as matched an ignore pattern: SRR5223505_grch38.v37.sam
[2022-05-25 21:51:11,212] multiqc                                            [DEBUG  ]  Ignoring file as matched an ignore pattern: SRR5223522_grch38.v37.sam
[2022-05-25 21:51:11,213] multiqc                                            [DEBUG  ]  Ignoring file as matched an ignore pattern: SRR5223543_grch38.v37.sam
[2022-05-25 21:51:11,213] multiqc                                            [DEBUG  ]  Ignoring file as matched an ignore pattern: SRR5223522_grch38.v37.sorted.bam.bai
[2022-05-25 21:51:11,213] multiqc                                            [DEBUG  ]  Ignoring file as matched an ignore pattern: SRR5223543_grch38.v37.sorted.bam
[2022-05-25 21:51:11,291] multiqc                                            [DEBUG  ]  Ignoring file as matched an ignore pattern: SRR5223500_grch38.v37.sam
[2022-05-25 21:51:11,291] multiqc                                            [DEBUG  ]  Ignoring file as matched an ignore pattern: SRR5223522_grch38.v37.sorted.bam
[2022-05-25 21:51:11,292] multiqc                                            [DEBUG  ]  Ignoring file as matched an ignore pattern: SRR5223500_grch38.v37.sorted.bam
[2022-05-25 21:51:11,292] multiqc                                            [DEBUG  ]  Ignoring file as matched an ignore pattern: SRR5223547_grch38.v37.sorted.bam.bai
[2022-05-25 21:51:11,293] multiqc                                            [DEBUG  ]  Ignoring file as matched an ignore pattern: SRR5223500_grch38.v37.sorted.bam.bai
[2022-05-25 21:51:11,431] multiqc                                            [DEBUG  ]  Ignoring file as matched an ignore pattern: SRR5223505_grch38.v37.sorted.bam.bai
[2022-05-25 21:51:11,819] multiqc.plots.bargraph                             [DEBUG  ]  Using matplotlib version 3.3.4
[2022-05-25 21:51:11,880] multiqc                                            [DEBUG  ]  No samples found: featureCounts
[2022-05-25 21:51:11,929] multiqc.plots.linegraph                            [DEBUG  ]  Using matplotlib version 3.3.4
[2022-05-25 21:51:11,947] multiqc.modules.samtools.samtools                  [INFO   ]  Found 6 flagstat reports
[2022-05-25 21:51:11,977] multiqc.modules.bowtie2.bowtie2                    [INFO   ]  Found 6 reports
[2022-05-25 21:51:11,990] multiqc                                            [INFO   ]  Compressing plot data
[2022-05-25 21:51:12,004] multiqc                                            [INFO   ]  Report      : multiqc_report.html
[2022-05-25 21:51:12,005] multiqc                                            [INFO   ]  Data        : multiqc_data
[2022-05-25 21:51:12,005] multiqc                                            [DEBUG  ]  Moving data file from '/scratch/27508484/tmpwuz_tnrh/multiqc_data' to '/crex/proj/snic2021-23-431/nobackup/hisat_results/multiqc_data'
[2022-05-25 21:51:12,211] multiqc                                            [INFO   ]  MultiQC complete
