[2022-05-25 10:31:11,447] multiqc                                            [DEBUG  ]  This is MultiQC v1.12
[2022-05-25 10:31:11,448] multiqc                                            [DEBUG  ]  No MultiQC config found: /sw/bioinfo/MultiQC/1.12/rackham/lib/python3.8/site-packages/multiqc_config.yaml
[2022-05-25 10:31:11,448] multiqc                                            [DEBUG  ]  No MultiQC config found: /home/ashfaq/.multiqc_config.yaml
[2022-05-25 10:31:11,449] multiqc                                            [DEBUG  ]  No MultiQC config found: multiqc_config.yaml
[2022-05-25 10:31:11,449] multiqc                                            [DEBUG  ]  Command used: /sw/bioinfo/MultiQC/1.12/rackham/bin/multiqc .
[2022-05-25 10:31:12,046] multiqc                                            [DEBUG  ]  Latest MultiQC version is v1.12
[2022-05-25 10:31:12,046] multiqc                                            [DEBUG  ]  Command     : /sw/bioinfo/MultiQC/1.12/rackham/bin/multiqc .
[2022-05-25 10:31:12,047] multiqc                                            [DEBUG  ]  Working dir : /crex/proj/snic2021-23-431/private/data/raw_Data2/fastq
[2022-05-25 10:31:12,047] multiqc                                            [DEBUG  ]  Template    : default
[2022-05-25 10:31:12,047] multiqc                                            [DEBUG  ]  Running Python 3.8.7 (default, Feb  1 2021, 11:54:01)  [GCC 8.3.0]
[2022-05-25 10:31:12,048] multiqc                                            [DEBUG  ]  Analysing modules: custom_content, ccs, ngsderive, purple, conpair, lima, peddy, somalier, methylQA, mosdepth, phantompeakqualtools, qualimap, preseq, quast, qorts, rna_seqc, rockhopper, rsem, rseqc, busco, bustools, goleft_indexcov, gffcompare, disambiguate, supernova, deeptools, sargasso, verifybamid, mirtrace, happy, mirtop, sambamba, homer, hops, macs2, theta2, snpeff, gatk, htseq, bcftools, featureCounts, fgbio, dragen, dedup, pbmarkdup, damageprofiler, biobambam2, jcvi, mtnucratio, picard, vep, sentieon, prokka, qc3C, nanostat, samblaster, samtools, sexdeterrmine, eigenstratdatabasetools, bamtools, jellyfish, vcftools, longranger, stacks, varscan2, snippy, bbmap, bismark, biscuit, hicexplorer, hicup, hicpro, salmon, kallisto, slamdunk, star, hisat2, tophat, bowtie2, bowtie1, snpsplit, odgi, pangolin, kat, leehom, adapterRemoval, clipandmerge, cutadapt, flexbar, kaiju, kraken, malt, trimmomatic, sickle, skewer, sortmerna, biobloomtools, fastq_screen, afterqc, fastp, fastqc, pychopper, pycoqc, minionqc, multivcfanalyzer, clusterflow, checkqc, bcl2fastq, bclconvert, interop, ivar, flash, seqyclean, optitype, whatshap
[2022-05-25 10:31:12,048] multiqc                                            [DEBUG  ]  Using temporary directory for creating report: /scratch/27499014/tmppgukdoby
[2022-05-25 10:31:12,257] multiqc                                            [INFO   ]  Search path : /crex/proj/snic2021-23-431/private/data/raw_Data2/fastq
[2022-05-25 10:31:12,326] multiqc                                            [DEBUG  ]  File ignored by ccs/v4 because it exceeded search pattern filesize limit: SRR5223522_2_fastqc.html
[2022-05-25 10:31:12,337] multiqc                                            [DEBUG  ]  File ignored by hicexplorer because it exceeded search pattern filesize limit: SRR5223522_2_fastqc.html
[2022-05-25 10:31:12,338] multiqc                                            [DEBUG  ]  File ignored by lima/summary because it exceeded search pattern filesize limit: SRR5223522_2_fastqc.html
[2022-05-25 10:31:12,355] multiqc                                            [DEBUG  ]  File ignored by vep/vep_txt because it exceeded search pattern filesize limit: SRR5223522_2_fastqc.html
[2022-05-25 10:31:12,356] multiqc                                            [DEBUG  ]  File ignored by longranger/invocation because it exceeded search pattern filesize limit: SRR5223522_2_fastqc.html
[2022-05-25 10:31:12,426] multiqc                                            [DEBUG  ]  File ignored by nanostat because it exceeded search pattern filesize limit: SRR5223522_2_fastqc.html
[2022-05-25 10:31:12,433] multiqc                                            [DEBUG  ]  Ignoring file as matched an ignore pattern: SRR5223500_1.fastq
[2022-05-25 10:31:12,435] multiqc                                            [DEBUG  ]  Ignoring file as matched an ignore pattern: SRR5223505_1.fastq
[2022-05-25 10:31:12,451] multiqc                                            [DEBUG  ]  File ignored by ccs/v4 because it exceeded search pattern filesize limit: SRR5223570_1_fastqc.html
[2022-05-25 10:31:12,459] multiqc                                            [DEBUG  ]  File ignored by hicexplorer because it exceeded search pattern filesize limit: SRR5223570_1_fastqc.html
[2022-05-25 10:31:12,460] multiqc                                            [DEBUG  ]  File ignored by lima/summary because it exceeded search pattern filesize limit: SRR5223570_1_fastqc.html
[2022-05-25 10:31:12,476] multiqc                                            [DEBUG  ]  File ignored by vep/vep_txt because it exceeded search pattern filesize limit: SRR5223570_1_fastqc.html
[2022-05-25 10:31:12,480] multiqc                                            [DEBUG  ]  File ignored by longranger/invocation because it exceeded search pattern filesize limit: SRR5223570_1_fastqc.html
[2022-05-25 10:31:12,546] multiqc                                            [DEBUG  ]  File ignored by nanostat because it exceeded search pattern filesize limit: SRR5223570_1_fastqc.html
[2022-05-25 10:31:12,568] multiqc                                            [DEBUG  ]  File ignored by ccs/v4 because it exceeded search pattern filesize limit: SRR5223547_2_fastqc.html
[2022-05-25 10:31:12,575] multiqc                                            [DEBUG  ]  File ignored by hicexplorer because it exceeded search pattern filesize limit: SRR5223547_2_fastqc.html
[2022-05-25 10:31:12,576] multiqc                                            [DEBUG  ]  File ignored by lima/summary because it exceeded search pattern filesize limit: SRR5223547_2_fastqc.html
[2022-05-25 10:31:12,594] multiqc                                            [DEBUG  ]  File ignored by vep/vep_txt because it exceeded search pattern filesize limit: SRR5223547_2_fastqc.html
[2022-05-25 10:31:12,595] multiqc                                            [DEBUG  ]  File ignored by longranger/invocation because it exceeded search pattern filesize limit: SRR5223547_2_fastqc.html
[2022-05-25 10:31:12,659] multiqc                                            [DEBUG  ]  File ignored by nanostat because it exceeded search pattern filesize limit: SRR5223547_2_fastqc.html
[2022-05-25 10:31:12,664] multiqc                                            [DEBUG  ]  Ignoring file as matched an ignore pattern: SRR5223522_2.fastq
[2022-05-25 10:31:12,778] multiqc                                            [DEBUG  ]  File ignored by ccs/v4 because it exceeded search pattern filesize limit: SRR5223500_2_fastqc.html
[2022-05-25 10:31:12,793] multiqc                                            [DEBUG  ]  File ignored by hicexplorer because it exceeded search pattern filesize limit: SRR5223500_2_fastqc.html
[2022-05-25 10:31:12,794] multiqc                                            [DEBUG  ]  File ignored by lima/summary because it exceeded search pattern filesize limit: SRR5223500_2_fastqc.html
[2022-05-25 10:31:12,812] multiqc                                            [DEBUG  ]  File ignored by vep/vep_txt because it exceeded search pattern filesize limit: SRR5223500_2_fastqc.html
[2022-05-25 10:31:12,813] multiqc                                            [DEBUG  ]  File ignored by longranger/invocation because it exceeded search pattern filesize limit: SRR5223500_2_fastqc.html
[2022-05-25 10:31:12,881] multiqc                                            [DEBUG  ]  File ignored by nanostat because it exceeded search pattern filesize limit: SRR5223500_2_fastqc.html
[2022-05-25 10:31:12,886] multiqc                                            [DEBUG  ]  Ignoring file as matched an ignore pattern: SRR5223522_1.fastq
[2022-05-25 10:31:12,887] multiqc                                            [DEBUG  ]  Ignoring file as matched an ignore pattern: SRR5223543_1.fastq
[2022-05-25 10:31:12,889] multiqc                                            [DEBUG  ]  Ignoring file as matched an ignore pattern: SRR5223543_2.fastq
[2022-05-25 10:31:12,889] multiqc                                            [DEBUG  ]  Ignoring file as matched an ignore pattern: SRR5223547_2.fastq
[2022-05-25 10:31:12,908] multiqc                                            [DEBUG  ]  File ignored by ccs/v4 because it exceeded search pattern filesize limit: SRR5223543_1_fastqc.html
[2022-05-25 10:31:12,916] multiqc                                            [DEBUG  ]  File ignored by hicexplorer because it exceeded search pattern filesize limit: SRR5223543_1_fastqc.html
[2022-05-25 10:31:12,917] multiqc                                            [DEBUG  ]  File ignored by lima/summary because it exceeded search pattern filesize limit: SRR5223543_1_fastqc.html
[2022-05-25 10:31:12,932] multiqc                                            [DEBUG  ]  File ignored by vep/vep_txt because it exceeded search pattern filesize limit: SRR5223543_1_fastqc.html
[2022-05-25 10:31:12,932] multiqc                                            [DEBUG  ]  File ignored by longranger/invocation because it exceeded search pattern filesize limit: SRR5223543_1_fastqc.html
[2022-05-25 10:31:13,001] multiqc                                            [DEBUG  ]  File ignored by nanostat because it exceeded search pattern filesize limit: SRR5223543_1_fastqc.html
[2022-05-25 10:31:13,007] multiqc                                            [DEBUG  ]  Ignoring file as matched an ignore pattern: SRR5223505_2.fastq
[2022-05-25 10:31:13,023] multiqc                                            [DEBUG  ]  File ignored by ccs/v4 because it exceeded search pattern filesize limit: SRR5223570_2_fastqc.html
[2022-05-25 10:31:13,030] multiqc                                            [DEBUG  ]  File ignored by hicexplorer because it exceeded search pattern filesize limit: SRR5223570_2_fastqc.html
[2022-05-25 10:31:13,031] multiqc                                            [DEBUG  ]  File ignored by lima/summary because it exceeded search pattern filesize limit: SRR5223570_2_fastqc.html
[2022-05-25 10:31:13,046] multiqc                                            [DEBUG  ]  File ignored by vep/vep_txt because it exceeded search pattern filesize limit: SRR5223570_2_fastqc.html
[2022-05-25 10:31:13,047] multiqc                                            [DEBUG  ]  File ignored by longranger/invocation because it exceeded search pattern filesize limit: SRR5223570_2_fastqc.html
[2022-05-25 10:31:13,115] multiqc                                            [DEBUG  ]  File ignored by nanostat because it exceeded search pattern filesize limit: SRR5223570_2_fastqc.html
[2022-05-25 10:31:13,121] multiqc                                            [DEBUG  ]  Ignoring file as matched an ignore pattern: SRR5223500_2.fastq
[2022-05-25 10:31:13,121] multiqc                                            [DEBUG  ]  Ignoring file as matched an ignore pattern: SRR5223570_2.fastq
[2022-05-25 10:31:13,262] multiqc                                            [DEBUG  ]  File ignored by ccs/v4 because it exceeded search pattern filesize limit: SRR5223505_2_fastqc.html
[2022-05-25 10:31:13,272] multiqc                                            [DEBUG  ]  File ignored by hicexplorer because it exceeded search pattern filesize limit: SRR5223505_2_fastqc.html
[2022-05-25 10:31:13,273] multiqc                                            [DEBUG  ]  File ignored by lima/summary because it exceeded search pattern filesize limit: SRR5223505_2_fastqc.html
[2022-05-25 10:31:13,290] multiqc                                            [DEBUG  ]  File ignored by vep/vep_txt because it exceeded search pattern filesize limit: SRR5223505_2_fastqc.html
[2022-05-25 10:31:13,291] multiqc                                            [DEBUG  ]  File ignored by longranger/invocation because it exceeded search pattern filesize limit: SRR5223505_2_fastqc.html
[2022-05-25 10:31:13,362] multiqc                                            [DEBUG  ]  File ignored by nanostat because it exceeded search pattern filesize limit: SRR5223505_2_fastqc.html
[2022-05-25 10:31:13,367] multiqc                                            [DEBUG  ]  Ignoring file as matched an ignore pattern: SRR5223570_1.fastq
[2022-05-25 10:31:13,368] multiqc                                            [DEBUG  ]  Ignoring file as matched an ignore pattern: SRR5223547_1.fastq
[2022-05-25 10:31:13,415] multiqc                                            [DEBUG  ]  File ignored by ccs/v4 because it exceeded search pattern filesize limit: SRR5223522_1_fastqc.html
[2022-05-25 10:31:13,422] multiqc                                            [DEBUG  ]  File ignored by hicexplorer because it exceeded search pattern filesize limit: SRR5223522_1_fastqc.html
[2022-05-25 10:31:13,423] multiqc                                            [DEBUG  ]  File ignored by lima/summary because it exceeded search pattern filesize limit: SRR5223522_1_fastqc.html
[2022-05-25 10:31:13,436] multiqc                                            [DEBUG  ]  File ignored by vep/vep_txt because it exceeded search pattern filesize limit: SRR5223522_1_fastqc.html
[2022-05-25 10:31:13,437] multiqc                                            [DEBUG  ]  File ignored by longranger/invocation because it exceeded search pattern filesize limit: SRR5223522_1_fastqc.html
[2022-05-25 10:31:13,498] multiqc                                            [DEBUG  ]  File ignored by nanostat because it exceeded search pattern filesize limit: SRR5223522_1_fastqc.html
[2022-05-25 10:31:13,559] multiqc                                            [DEBUG  ]  File ignored by ccs/v4 because it exceeded search pattern filesize limit: SRR5223500_1_fastqc.html
[2022-05-25 10:31:13,567] multiqc                                            [DEBUG  ]  File ignored by hicexplorer because it exceeded search pattern filesize limit: SRR5223500_1_fastqc.html
[2022-05-25 10:31:13,568] multiqc                                            [DEBUG  ]  File ignored by lima/summary because it exceeded search pattern filesize limit: SRR5223500_1_fastqc.html
[2022-05-25 10:31:13,581] multiqc                                            [DEBUG  ]  File ignored by vep/vep_txt because it exceeded search pattern filesize limit: SRR5223500_1_fastqc.html
[2022-05-25 10:31:13,581] multiqc                                            [DEBUG  ]  File ignored by longranger/invocation because it exceeded search pattern filesize limit: SRR5223500_1_fastqc.html
[2022-05-25 10:31:13,649] multiqc                                            [DEBUG  ]  File ignored by nanostat because it exceeded search pattern filesize limit: SRR5223500_1_fastqc.html
[2022-05-25 10:31:13,669] multiqc                                            [DEBUG  ]  File ignored by ccs/v4 because it exceeded search pattern filesize limit: SRR5223547_1_fastqc.html
[2022-05-25 10:31:13,676] multiqc                                            [DEBUG  ]  File ignored by hicexplorer because it exceeded search pattern filesize limit: SRR5223547_1_fastqc.html
[2022-05-25 10:31:13,677] multiqc                                            [DEBUG  ]  File ignored by lima/summary because it exceeded search pattern filesize limit: SRR5223547_1_fastqc.html
[2022-05-25 10:31:13,690] multiqc                                            [DEBUG  ]  File ignored by vep/vep_txt because it exceeded search pattern filesize limit: SRR5223547_1_fastqc.html
[2022-05-25 10:31:13,690] multiqc                                            [DEBUG  ]  File ignored by longranger/invocation because it exceeded search pattern filesize limit: SRR5223547_1_fastqc.html
[2022-05-25 10:31:13,757] multiqc                                            [DEBUG  ]  File ignored by nanostat because it exceeded search pattern filesize limit: SRR5223547_1_fastqc.html
[2022-05-25 10:31:13,795] multiqc                                            [DEBUG  ]  File ignored by ccs/v4 because it exceeded search pattern filesize limit: SRR5223505_1_fastqc.html
[2022-05-25 10:31:13,802] multiqc                                            [DEBUG  ]  File ignored by hicexplorer because it exceeded search pattern filesize limit: SRR5223505_1_fastqc.html
[2022-05-25 10:31:13,803] multiqc                                            [DEBUG  ]  File ignored by lima/summary because it exceeded search pattern filesize limit: SRR5223505_1_fastqc.html
[2022-05-25 10:31:13,816] multiqc                                            [DEBUG  ]  File ignored by vep/vep_txt because it exceeded search pattern filesize limit: SRR5223505_1_fastqc.html
[2022-05-25 10:31:13,816] multiqc                                            [DEBUG  ]  File ignored by longranger/invocation because it exceeded search pattern filesize limit: SRR5223505_1_fastqc.html
[2022-05-25 10:31:13,881] multiqc                                            [DEBUG  ]  File ignored by nanostat because it exceeded search pattern filesize limit: SRR5223505_1_fastqc.html
[2022-05-25 10:31:15,448] multiqc.plots.linegraph                            [DEBUG  ]  Using matplotlib version 3.3.4
[2022-05-25 10:31:15,458] multiqc.plots.bargraph                             [DEBUG  ]  Using matplotlib version 3.3.4
[2022-05-25 10:31:15,931] multiqc.modules.fastqc.fastqc                      [INFO   ]  Found 11 reports
[2022-05-25 10:31:16,181] multiqc                                            [INFO   ]  Compressing plot data
[2022-05-25 10:31:16,422] multiqc                                            [INFO   ]  Report      : multiqc_report.html
[2022-05-25 10:31:16,422] multiqc                                            [INFO   ]  Data        : multiqc_data
[2022-05-25 10:31:16,422] multiqc                                            [DEBUG  ]  Moving data file from '/scratch/27499014/tmppgukdoby/multiqc_data' to '/crex/proj/snic2021-23-431/private/data/raw_Data2/fastq/multiqc_data'
[2022-05-25 10:31:17,009] multiqc                                            [INFO   ]  MultiQC complete
