[2022-05-25 21:50:30,585] multiqc                                            [DEBUG  ]  This is MultiQC v1.12
[2022-05-25 21:50:30,586] multiqc                                            [DEBUG  ]  No MultiQC config found: /sw/bioinfo/MultiQC/1.12/rackham/lib/python3.8/site-packages/multiqc_config.yaml
[2022-05-25 21:50:30,586] multiqc                                            [DEBUG  ]  No MultiQC config found: /home/ashfaq/.multiqc_config.yaml
[2022-05-25 21:50:30,587] multiqc                                            [DEBUG  ]  No MultiQC config found: multiqc_config.yaml
[2022-05-25 21:50:30,587] multiqc                                            [DEBUG  ]  Command used: /sw/bioinfo/MultiQC/1.12/rackham/bin/multiqc .
[2022-05-25 21:50:31,372] multiqc                                            [DEBUG  ]  Latest MultiQC version is v1.12
[2022-05-25 21:50:31,372] multiqc                                            [DEBUG  ]  Command     : /sw/bioinfo/MultiQC/1.12/rackham/bin/multiqc .
[2022-05-25 21:50:31,372] multiqc                                            [DEBUG  ]  Working dir : /crex/proj/snic2021-23-431/private/results
[2022-05-25 21:50:31,372] multiqc                                            [DEBUG  ]  Template    : default
[2022-05-25 21:50:31,372] multiqc                                            [DEBUG  ]  Running Python 3.8.7 (default, Feb  1 2021, 11:54:01)  [GCC 8.3.0]
[2022-05-25 21:50:31,373] multiqc                                            [DEBUG  ]  Analysing modules: custom_content, ccs, ngsderive, purple, conpair, lima, peddy, somalier, methylQA, mosdepth, phantompeakqualtools, qualimap, preseq, quast, qorts, rna_seqc, rockhopper, rsem, rseqc, busco, bustools, goleft_indexcov, gffcompare, disambiguate, supernova, deeptools, sargasso, verifybamid, mirtrace, happy, mirtop, sambamba, homer, hops, macs2, theta2, snpeff, gatk, htseq, bcftools, featureCounts, fgbio, dragen, dedup, pbmarkdup, damageprofiler, biobambam2, jcvi, mtnucratio, picard, vep, sentieon, prokka, qc3C, nanostat, samblaster, samtools, sexdeterrmine, eigenstratdatabasetools, bamtools, jellyfish, vcftools, longranger, stacks, varscan2, snippy, bbmap, bismark, biscuit, hicexplorer, hicup, hicpro, salmon, kallisto, slamdunk, star, hisat2, tophat, bowtie2, bowtie1, snpsplit, odgi, pangolin, kat, leehom, adapterRemoval, clipandmerge, cutadapt, flexbar, kaiju, kraken, malt, trimmomatic, sickle, skewer, sortmerna, biobloomtools, fastq_screen, afterqc, fastp, fastqc, pychopper, pycoqc, minionqc, multivcfanalyzer, clusterflow, checkqc, bcl2fastq, bclconvert, interop, ivar, flash, seqyclean, optitype, whatshap
[2022-05-25 21:50:31,373] multiqc                                            [DEBUG  ]  Using temporary directory for creating report: /scratch/27508484/tmpjun33myu
[2022-05-25 21:50:31,575] multiqc                                            [INFO   ]  Search path : /crex/proj/snic2021-23-431/private/results
[2022-05-25 21:50:31,703] multiqc                                            [DEBUG  ]  File ignored by ccs/v4 because it exceeded search pattern filesize limit: allSamples.hisat.featureCounts.summary
[2022-05-25 21:50:31,711] multiqc                                            [DEBUG  ]  File ignored by lima/summary because it exceeded search pattern filesize limit: allSamples.hisat.featureCounts.summary
[2022-05-25 21:50:32,444] multiqc.plots.bargraph                             [DEBUG  ]  Using matplotlib version 3.3.4
[2022-05-25 21:50:32,529] multiqc.modules.featureCounts.feature_counts       [INFO   ]  Found 6 reports
[2022-05-25 21:50:32,540] multiqc                                            [INFO   ]  Compressing plot data
[2022-05-25 21:50:32,544] multiqc                                            [INFO   ]  Report      : multiqc_report.html
[2022-05-25 21:50:32,545] multiqc                                            [INFO   ]  Data        : multiqc_data
[2022-05-25 21:50:32,545] multiqc                                            [DEBUG  ]  Moving data file from '/scratch/27508484/tmpjun33myu/multiqc_data' to '/crex/proj/snic2021-23-431/private/results/multiqc_data'
[2022-05-25 21:50:32,784] multiqc                                            [INFO   ]  MultiQC complete
